<?xml version="1.0" encoding="UTF-8"?>
<testng-results ignored="0" total="1" passed="1" failed="0" skipped="0">
  <reporter-output>
  </reporter-output>
  <suite started-at="2023-08-17T10:56:42 IST" name="Default suite" finished-at="2023-08-17T10:57:20 IST" duration-ms="37943">
    <groups>
    </groups>
    <test started-at="2023-08-17T10:56:42 IST" name="Default test" finished-at="2023-08-17T10:57:20 IST" duration-ms="37943">
      <class name="autoit.a1">
        <test-method signature="t1()[pri:0, instance:autoit.a1@4550bb58]" started-at="2023-08-17T10:56:42 IST" name="t1" finished-at="2023-08-17T10:57:20 IST" duration-ms="37864" status="PASS">
          <reporter-output>
          </reporter-output>
        </test-method> <!-- t1 -->
      </class> <!-- autoit.a1 -->
    </test> <!-- Default test -->
  </suite> <!-- Default suite -->
</testng-results>
